Compiling the C compiler identification source file "CMakeCCompilerId.c" failed.
Compiler: C:/MinGW/bin/gcc.exe 
Build flags: 
Id flags:  

The output was:
1


Compiling the C compiler identification source file "CMakeCCompilerId.c" failed.
Compiler: C:/MinGW/bin/gcc.exe 
Build flags: 
Id flags: -c 

The output was:
1


Compiling the C compiler identification source file "CMakeCCompilerId.c" failed.
Compiler: C:/MinGW/bin/gcc.exe 
Build flags: 
Id flags: -Aa 

The output was:
1


Compiling the C compiler identification source file "CMakeCCompilerId.c" failed.
Compiler: C:/MinGW/bin/gcc.exe 
Build flags: 
Id flags: -D__CLASSIC_C__ 

The output was:
1


Compiling the C compiler identification source file "CMakeCCompilerId.c" failed.
Compiler: C:/MinGW/bin/gcc.exe 
Build flags: 
Id flags: --target=arm-arm-none-eabi;-mcpu=cortex-m3 

The output was:
1
gcc.exe: warning: '-mcpu=' is deprecated; use '-mtune=' or '-march=' instead
gcc.exe: error: unrecognized command line option '--target=arm-arm-none-eabi'


Compiling the C compiler identification source file "CMakeCCompilerId.c" failed.
Compiler: C:/MinGW/bin/gcc.exe 
Build flags: 
Id flags:  

The output was:
1


Compiling the C compiler identification source file "CMakeCCompilerId.c" failed.
Compiler: C:/MinGW/bin/gcc.exe 
Build flags: 
Id flags: -c 

The output was:
1


Compiling the C compiler identification source file "CMakeCCompilerId.c" failed.
Compiler: C:/MinGW/bin/gcc.exe 
Build flags: 
Id flags: -Aa 

The output was:
1


Compiling the C compiler identification source file "CMakeCCompilerId.c" failed.
Compiler: C:/MinGW/bin/gcc.exe 
Build flags: 
Id flags: -D__CLASSIC_C__ 

The output was:
1


Compiling the C compiler identification source file "CMakeCCompilerId.c" failed.
Compiler: C:/MinGW/bin/gcc.exe 
Build flags: 
Id flags: --target=arm-arm-none-eabi;-mcpu=cortex-m3 

The output was:
1
gcc.exe: warning: '-mcpu=' is deprecated; use '-mtune=' or '-march=' instead
gcc.exe: error: unrecognized command line option '--target=arm-arm-none-eabi'


Checking whether the C compiler is IAR using "" did not match "IAR .+ Compiler":
gcc.exe: fatal error: no input files
compilation terminated.
Checking whether the C compiler is IAR using "" did not match "IAR .+ Compiler":
gcc.exe: fatal error: no input files
compilation terminated.
Compiling the CXX compiler identification source file "CMakeCXXCompilerId.cpp" failed.
Compiler: C:/MinGW/bin/c++.exe 
Build flags: 
Id flags:  

The output was:
1


Compiling the CXX compiler identification source file "CMakeCXXCompilerId.cpp" failed.
Compiler: C:/MinGW/bin/c++.exe 
Build flags: 
Id flags: -c 

The output was:
1


Compiling the CXX compiler identification source file "CMakeCXXCompilerId.cpp" failed.
Compiler: C:/MinGW/bin/c++.exe 
Build flags: 
Id flags: --c++ 

The output was:
1
c++.exe: error: unrecognized command line option '--c++'


Compiling the CXX compiler identification source file "CMakeCXXCompilerId.cpp" failed.
Compiler: C:/MinGW/bin/c++.exe 
Build flags: 
Id flags: --ec++ 

The output was:
1
c++.exe: error: unrecognized command line option '--ec++'; did you mean '-Weffc++'?


Compiling the CXX compiler identification source file "CMakeCXXCompilerId.cpp" failed.
Compiler: C:/MinGW/bin/c++.exe 
Build flags: 
Id flags: --target=arm-arm-none-eabi;-mcpu=cortex-m3 

The output was:
1
c++.exe: warning: '-mcpu=' is deprecated; use '-mtune=' or '-march=' instead
c++.exe: error: unrecognized command line option '--target=arm-arm-none-eabi'


Compiling the CXX compiler identification source file "CMakeCXXCompilerId.cpp" failed.
Compiler: C:/MinGW/bin/c++.exe 
Build flags: 
Id flags:  

The output was:
1


Compiling the CXX compiler identification source file "CMakeCXXCompilerId.cpp" failed.
Compiler: C:/MinGW/bin/c++.exe 
Build flags: 
Id flags: -c 

The output was:
1


Compiling the CXX compiler identification source file "CMakeCXXCompilerId.cpp" failed.
Compiler: C:/MinGW/bin/c++.exe 
Build flags: 
Id flags: --c++ 

The output was:
1
c++.exe: error: unrecognized command line option '--c++'


Compiling the CXX compiler identification source file "CMakeCXXCompilerId.cpp" failed.
Compiler: C:/MinGW/bin/c++.exe 
Build flags: 
Id flags: --ec++ 

The output was:
1
c++.exe: error: unrecognized command line option '--ec++'; did you mean '-Weffc++'?


Compiling the CXX compiler identification source file "CMakeCXXCompilerId.cpp" failed.
Compiler: C:/MinGW/bin/c++.exe 
Build flags: 
Id flags: --target=arm-arm-none-eabi;-mcpu=cortex-m3 

The output was:
1
c++.exe: warning: '-mcpu=' is deprecated; use '-mtune=' or '-march=' instead
c++.exe: error: unrecognized command line option '--target=arm-arm-none-eabi'


Checking whether the CXX compiler is IAR using "" did not match "IAR .+ Compiler":
c++.exe: fatal error: no input files
compilation terminated.
Checking whether the CXX compiler is IAR using "" did not match "IAR .+ Compiler":
c++.exe: fatal error: no input files
compilation terminated.
Detecting C compiler ABI info failed to compile with the following output:
Change Dir: D:/txp/Recent/Peak/2.Firmware/PlatformIO/Peak-ESP32-fw/build/CMakeFiles/CMakeTmp

Run Build Command(s):D:/txp/Espressif/tools/ninja/1.10.2/ninja.exe cmTC_e1a0d && [1/2] Building C object CMakeFiles\cmTC_e1a0d.dir\CMakeCCompilerABI.c.obj
FAILED: CMakeFiles/cmTC_e1a0d.dir/CMakeCCompilerABI.c.obj 
C:\MinGW\bin\gcc.exe    -o CMakeFiles\cmTC_e1a0d.dir\CMakeCCompilerABI.c.obj -c D:\txp\Espressif\tools\cmake\3.20.3\share\cmake-3.20\Modules\CMakeCCompilerABI.c
ninja: build stopped: subcommand failed.




Detecting CXX compiler ABI info failed to compile with the following output:
Change Dir: D:/txp/Recent/Peak/2.Firmware/PlatformIO/Peak-ESP32-fw/build/CMakeFiles/CMakeTmp

Run Build Command(s):D:/txp/Espressif/tools/ninja/1.10.2/ninja.exe cmTC_69719 && [1/2] Building CXX object CMakeFiles\cmTC_69719.dir\CMakeCXXCompilerABI.cpp.obj
FAILED: CMakeFiles/cmTC_69719.dir/CMakeCXXCompilerABI.cpp.obj 
C:\MinGW\bin\c++.exe    -o CMakeFiles\cmTC_69719.dir\CMakeCXXCompilerABI.cpp.obj -c D:\txp\Espressif\tools\cmake\3.20.3\share\cmake-3.20\Modules\CMakeCXXCompilerABI.cpp
ninja: build stopped: subcommand failed.




